2018-11-15T14:32:03+00:00 CRITICAL Uncaught ArgumentCountError: Too few arguments to function plugin_dir_url(), 0 passed in C:\xampp\htdocs\etrade\wp-content\plugins\bollooMn\include\header.php on line 1 and exactly 1 expected in C:\xampp\htdocs\etrade\wp-includes\plugin.php:732
Stack trace:
#0 C:\xampp\htdocs\etrade\wp-content\plugins\bollooMn\include\header.php(1): plugin_dir_url()
#1 C:\xampp\htdocs\etrade\wp-content\plugins\bollooMn\index.php(41): include('C:\\xampp\\htdocs...')
#2 C:\xampp\htdocs\etrade\wp-includes\class-wp-hook.php(286): _product_tatalt('')
#3 C:\xampp\htdocs\etrade\wp-includes\class-wp-hook.php(310): WP_Hook->apply_filters('', Array)
#4 C:\xampp\htdocs\etrade\wp-includes\plugin.php(453): WP_Hook->do_action(Array)
#5 C:\xampp\htdocs\etrade\wp-admin\admin.php(224): do_action('toplevel_page_p...')
#6 {main}
  thrown in C:\xampp\htdocs\etrade\wp-includes\plugin.php on line 732

2018-11-15T16:58:56+00:00 CRITICAL Uncaught Error: Call to a member function insert() on null in C:\xampp\htdocs\etrade\wp-content\plugins\bollooMn\include\baraa-tatalt.php:4
Stack trace:
#0 C:\xampp\htdocs\etrade\wp-content\plugins\bollooMn\index.php(42): include()
#1 C:\xampp\htdocs\etrade\wp-includes\class-wp-hook.php(286): _product_tatalt('')
#2 C:\xampp\htdocs\etrade\wp-includes\class-wp-hook.php(310): WP_Hook->apply_filters('', Array)
#3 C:\xampp\htdocs\etrade\wp-includes\plugin.php(453): WP_Hook->do_action(Array)
#4 C:\xampp\htdocs\etrade\wp-admin\admin.php(224): do_action('toplevel_page_p...')
#5 {main}
  thrown in C:\xampp\htdocs\etrade\wp-content\plugins\bollooMn\include\baraa-tatalt.php on line 4

2018-11-15T17:01:00+00:00 CRITICAL Uncaught Error: Call to a member function insert() on null in C:\xampp\htdocs\etrade\wp-content\plugins\bollooMn\include\baraa-tatalt.php:4
Stack trace:
#0 C:\xampp\htdocs\etrade\wp-content\plugins\bollooMn\index.php(42): include()
#1 C:\xampp\htdocs\etrade\wp-includes\class-wp-hook.php(286): _product_tatalt('')
#2 C:\xampp\htdocs\etrade\wp-includes\class-wp-hook.php(310): WP_Hook->apply_filters('', Array)
#3 C:\xampp\htdocs\etrade\wp-includes\plugin.php(453): WP_Hook->do_action(Array)
#4 C:\xampp\htdocs\etrade\wp-admin\admin.php(224): do_action('toplevel_page_p...')
#5 {main}
  thrown in C:\xampp\htdocs\etrade\wp-content\plugins\bollooMn\include\baraa-tatalt.php on line 4

