2019-04-15T11:45:56+00:00 CRITICAL Uncaught Error: Using $this when not in object context in C:\xampp\htdocs\etrade\wp-content\plugins\bollooMn\include\baraa-report.php:2
Stack trace:
#0 C:\xampp\htdocs\etrade\wp-content\plugins\bollooMn\index.php(49): include()
#1 C:\xampp\htdocs\etrade\wp-includes\class-wp-hook.php(286): _baraa_report('')
#2 C:\xampp\htdocs\etrade\wp-includes\class-wp-hook.php(310): WP_Hook->apply_filters('', Array)
#3 C:\xampp\htdocs\etrade\wp-includes\plugin.php(465): WP_Hook->do_action(Array)
#4 C:\xampp\htdocs\etrade\wp-admin\admin.php(253): do_action('toplevel_page_b...')
#5 {main}
  thrown in C:\xampp\htdocs\etrade\wp-content\plugins\bollooMn\include\baraa-report.php on line 2

2019-04-15T11:52:52+00:00 CRITICAL Uncaught Error: Call to private WCM_Stock::__construct() from invalid context in C:\xampp\htdocs\etrade\wp-content\plugins\bollooMn\include\baraa-report.php:2
Stack trace:
#0 C:\xampp\htdocs\etrade\wp-content\plugins\bollooMn\index.php(49): include()
#1 C:\xampp\htdocs\etrade\wp-includes\class-wp-hook.php(286): _baraa_report('')
#2 C:\xampp\htdocs\etrade\wp-includes\class-wp-hook.php(310): WP_Hook->apply_filters('', Array)
#3 C:\xampp\htdocs\etrade\wp-includes\plugin.php(465): WP_Hook->do_action(Array)
#4 C:\xampp\htdocs\etrade\wp-admin\admin.php(253): do_action('toplevel_page_b...')
#5 {main}
  thrown in C:\xampp\htdocs\etrade\wp-content\plugins\bollooMn\include\baraa-report.php on line 2

2019-04-15T12:24:44+00:00 CRITICAL Uncaught Error: Call to a member function have_posts() on null in C:\xampp\htdocs\etrade\wp-content\plugins\bollooMn\include\baraa-report.php:19
Stack trace:
#0 C:\xampp\htdocs\etrade\wp-content\plugins\bollooMn\index.php(49): include()
#1 C:\xampp\htdocs\etrade\wp-includes\class-wp-hook.php(286): _baraa_report('')
#2 C:\xampp\htdocs\etrade\wp-includes\class-wp-hook.php(310): WP_Hook->apply_filters('', Array)
#3 C:\xampp\htdocs\etrade\wp-includes\plugin.php(465): WP_Hook->do_action(Array)
#4 C:\xampp\htdocs\etrade\wp-admin\admin.php(253): do_action('toplevel_page_b...')
#5 {main}
  thrown in C:\xampp\htdocs\etrade\wp-content\plugins\bollooMn\include\baraa-report.php on line 19

2019-04-15T13:07:05+00:00 CRITICAL Uncaught Error: Cannot access self:: when no class scope is active in C:\xampp\htdocs\etrade\wp-content\plugins\bollooMn\include\baraa-report.php:42
Stack trace:
#0 C:\xampp\htdocs\etrade\wp-content\plugins\bollooMn\index.php(49): include()
#1 C:\xampp\htdocs\etrade\wp-includes\class-wp-hook.php(286): _baraa_report('')
#2 C:\xampp\htdocs\etrade\wp-includes\class-wp-hook.php(310): WP_Hook->apply_filters('', Array)
#3 C:\xampp\htdocs\etrade\wp-includes\plugin.php(465): WP_Hook->do_action(Array)
#4 C:\xampp\htdocs\etrade\wp-admin\admin.php(253): do_action('toplevel_page_b...')
#5 {main}
  thrown in C:\xampp\htdocs\etrade\wp-content\plugins\bollooMn\include\baraa-report.php on line 42

2019-04-15T13:07:14+00:00 CRITICAL Uncaught Error: Cannot access self:: when no class scope is active in C:\xampp\htdocs\etrade\wp-content\plugins\bollooMn\include\baraa-report.php:42
Stack trace:
#0 C:\xampp\htdocs\etrade\wp-content\plugins\bollooMn\index.php(49): include()
#1 C:\xampp\htdocs\etrade\wp-includes\class-wp-hook.php(286): _baraa_report('')
#2 C:\xampp\htdocs\etrade\wp-includes\class-wp-hook.php(310): WP_Hook->apply_filters('', Array)
#3 C:\xampp\htdocs\etrade\wp-includes\plugin.php(465): WP_Hook->do_action(Array)
#4 C:\xampp\htdocs\etrade\wp-admin\admin.php(253): do_action('toplevel_page_b...')
#5 {main}
  thrown in C:\xampp\htdocs\etrade\wp-content\plugins\bollooMn\include\baraa-report.php on line 42

2019-04-15T13:08:19+00:00 CRITICAL Uncaught Error: Cannot access self:: when no class scope is active in C:\xampp\htdocs\etrade\wp-content\plugins\bollooMn\include\baraa-report.php:42
Stack trace:
#0 C:\xampp\htdocs\etrade\wp-content\plugins\bollooMn\index.php(49): include()
#1 C:\xampp\htdocs\etrade\wp-includes\class-wp-hook.php(286): _baraa_report('')
#2 C:\xampp\htdocs\etrade\wp-includes\class-wp-hook.php(310): WP_Hook->apply_filters('', Array)
#3 C:\xampp\htdocs\etrade\wp-includes\plugin.php(465): WP_Hook->do_action(Array)
#4 C:\xampp\htdocs\etrade\wp-admin\admin.php(253): do_action('toplevel_page_b...')
#5 {main}
  thrown in C:\xampp\htdocs\etrade\wp-content\plugins\bollooMn\include\baraa-report.php on line 42

2019-04-15T13:13:45+00:00 CRITICAL Object of class WP_Post could not be converted to string in C:\xampp\htdocs\etrade\wp-content\plugins\woocommerce-stock-manager\admin\includes\wcm-class-table.php on line 584

